[INFO] Scanning for projects...
[INFO] 
[INFO] ---------------------< com.phara:pontrix-backend >----------------------
[INFO] Building pontrix-backend 0.0.1-SNAPSHOT
[INFO]   from pom.xml
[INFO] --------------------------------[ jar ]---------------------------------
[INFO] 
[INFO] >>> spring-boot:3.2.5:run (default-cli) > test-compile @ pontrix-backend >>>
[INFO] 
[INFO] --- resources:3.3.1:resources (default-resources) @ pontrix-backend ---
[INFO] Copying 1 resource from src\main\resources to target\classes
[INFO] Copying 0 resource from src\main\resources to target\classes
[INFO] 
[INFO] --- compiler:3.11.0:compile (default-compile) @ pontrix-backend ---
[INFO] Nothing to compile - all classes are up to date
[INFO] 
[INFO] --- resources:3.3.1:testResources (default-testResources) @ pontrix-backend ---
[INFO] skip non existing resourceDirectory C:\Wing\FullStack_Class\Final-Project\pontrix-backend\src\test\resources
[INFO] 
[INFO] --- compiler:3.11.0:testCompile (default-testCompile) @ pontrix-backend ---
[INFO] Nothing to compile - all classes are up to date
[INFO] 
[INFO] <<< spring-boot:3.2.5:run (default-cli) < test-compile @ pontrix-backend <<<
[INFO] 
[INFO] 
[INFO] --- spring-boot:3.2.5:run (default-cli) @ pontrix-backend ---
[INFO] Attaching agents: []

  .   ____          _            __ _ _
 /\\ / ___'_ __ _ _(_)_ __  __ _ \ \ \ \
( ( )\___ | '_ | '_| | '_ \/ _` | \ \ \ \
 \\/  ___)| |_)| | | | | || (_| |  ) ) ) )
  '  |____| .__|_| |_|_| |_\__, | / / / /
 =========|_|==============|___/=/_/_/_/
 :: Spring Boot ::                (v3.2.5)

2026-03-08T17:12:47.826+07:00  INFO 18620 --- [           main] c.p.p.PontrixBackendApplication          : Starting PontrixBackendApplication using Java 21.0.9 with PID 18620 (C:\Wing\FullStack_Class\Final-Project\pontrix-backend\target\classes started by Admin in C:\Wing\FullStack_Class\Final-Project\pontrix-backend)
2026-03-08T17:12:47.828+07:00  INFO 18620 --- [           main] c.p.p.PontrixBackendApplication          : No active profile set, falling back to 1 default profile: "default"
2026-03-08T17:12:48.277+07:00  INFO 18620 --- [           main] .s.d.r.c.RepositoryConfigurationDelegate : Bootstrapping Spring Data JPA repositories in DEFAULT mode.
2026-03-08T17:12:48.332+07:00  INFO 18620 --- [           main] .s.d.r.c.RepositoryConfigurationDelegate : Finished Spring Data repository scanning in 48 ms. Found 6 JPA repository interfaces.
2026-03-08T17:12:48.699+07:00  INFO 18620 --- [           main] o.s.b.w.embedded.tomcat.TomcatWebServer  : Tomcat initialized with port 8080 (http)
2026-03-08T17:12:48.707+07:00  INFO 18620 --- [           main] o.apache.catalina.core.StandardService   : Starting service [Tomcat]
2026-03-08T17:12:48.707+07:00  INFO 18620 --- [           main] o.apache.catalina.core.StandardEngine    : Starting Servlet engine: [Apache Tomcat/10.1.20]
2026-03-08T17:12:48.748+07:00  INFO 18620 --- [           main] o.a.c.c.C.[Tomcat].[localhost].[/]       : Initializing Spring embedded WebApplicationContext
2026-03-08T17:12:48.749+07:00  INFO 18620 --- [           main] w.s.c.ServletWebServerApplicationContext : Root WebApplicationContext: initialization completed in 888 ms
2026-03-08T17:12:48.848+07:00  INFO 18620 --- [           main] o.hibernate.jpa.internal.util.LogHelper  : HHH000204: Processing PersistenceUnitInfo [name: default]
2026-03-08T17:12:48.881+07:00  INFO 18620 --- [           main] org.hibernate.Version                    : HHH000412: Hibernate ORM core version 6.4.4.Final
2026-03-08T17:12:48.901+07:00  INFO 18620 --- [           main] o.h.c.internal.RegionFactoryInitiator    : HHH000026: Second-level cache disabled
2026-03-08T17:12:49.051+07:00  INFO 18620 --- [           main] o.s.o.j.p.SpringPersistenceUnitInfo      : No LoadTimeWeaver setup: ignoring JPA class transformer
2026-03-08T17:12:49.069+07:00  INFO 18620 --- [           main] com.zaxxer.hikari.HikariDataSource       : HikariPool-1 - Starting...
2026-03-08T17:12:49.185+07:00  INFO 18620 --- [           main] com.zaxxer.hikari.pool.HikariPool        : HikariPool-1 - Added connection org.postgresql.jdbc.PgConnection@2bb717d7
2026-03-08T17:12:49.186+07:00  INFO 18620 --- [           main] com.zaxxer.hikari.HikariDataSource       : HikariPool-1 - Start completed.
2026-03-08T17:12:49.216+07:00  WARN 18620 --- [           main] org.hibernate.orm.deprecation            : HHH90000025: PostgreSQLDialect does not need to be specified explicitly using 'hibernate.dialect' (remove the property setting and it will be selected by default)
2026-03-08T17:12:49.980+07:00  INFO 18620 --- [           main] o.h.e.t.j.p.i.JtaPlatformInitiator       : HHH000489: No JTA platform available (set 'hibernate.transaction.jta.platform' to enable JTA platform integration)
2026-03-08T17:12:50.076+07:00  INFO 18620 --- [           main] j.LocalContainerEntityManagerFactoryBean : Initialized JPA EntityManagerFactory for persistence unit 'default'
2026-03-08T17:12:50.265+07:00  INFO 18620 --- [           main] o.s.d.j.r.query.QueryEnhancerFactory     : Hibernate is in classpath; If applicable, HQL parser will be used.
2026-03-08T17:12:50.673+07:00  WARN 18620 --- [           main] JpaBaseConfiguration$JpaWebConfiguration : spring.jpa.open-in-view is enabled by default. Therefore, database queries may be performed during view rendering. Explicitly configure spring.jpa.open-in-view to disable this warning
2026-03-08T17:12:50.693+07:00  WARN 18620 --- [           main] .s.s.UserDetailsServiceAutoConfiguration : 

Using generated security password: 98876621-0006-4580-ab82-6b9322ed93c2

This generated password is for development use only. Your security configuration must be updated before running your application in production.

2026-03-08T17:12:50.851+07:00  INFO 18620 --- [           main] o.s.s.web.DefaultSecurityFilterChain     : Will secure any request with [org.springframework.security.web.session.DisableEncodeUrlFilter@2ea2f965, org.springframework.security.web.context.request.async.WebAsyncManagerIntegrationFilter@4271960c, org.springframework.security.web.context.SecurityContextHolderFilter@6a40e660, org.springframework.security.web.header.HeaderWriterFilter@49a46f29, org.springframework.web.filter.CorsFilter@7cbcd27e, org.springframework.security.web.authentication.logout.LogoutFilter@5fe7454c, com.phara.pontrix_backend.features.auth.JwtAuthenticationFilter@1e1eeedd, org.springframework.security.web.savedrequest.RequestCacheAwareFilter@1f1b69bb, org.springframework.security.web.servletapi.SecurityContextHolderAwareRequestFilter@c730e65, org.springframework.security.web.authentication.AnonymousAuthenticationFilter@3b870ed3, org.springframework.security.web.session.SessionManagementFilter@70ba01be, org.springframework.security.web.access.ExceptionTranslationFilter@5ea24702, org.springframework.security.web.access.intercept.AuthorizationFilter@48149568]
2026-03-08T17:12:50.986+07:00  WARN 18620 --- [           main] ConfigServletWebServerApplicationContext : Exception encountered during context initialization - cancelling refresh attempt: org.springframework.context.ApplicationContextException: Failed to start bean 'webServerStartStop'
2026-03-08T17:12:50.988+07:00  INFO 18620 --- [           main] j.LocalContainerEntityManagerFactoryBean : Closing JPA EntityManagerFactory for persistence unit 'default'
2026-03-08T17:12:50.989+07:00  INFO 18620 --- [           main] com.zaxxer.hikari.HikariDataSource       : HikariPool-1 - Shutdown initiated...
2026-03-08T17:12:50.991+07:00  INFO 18620 --- [           main] com.zaxxer.hikari.HikariDataSource       : HikariPool-1 - Shutdown completed.
2026-03-08T17:12:50.999+07:00  INFO 18620 --- [           main] .s.b.a.l.ConditionEvaluationReportLogger : 

Error starting ApplicationContext. To display the condition evaluation report re-run your application with 'debug' enabled.
2026-03-08T17:12:51.010+07:00 ERROR 18620 --- [           main] o.s.b.d.LoggingFailureAnalysisReporter   : 

***************************
APPLICATION FAILED TO START
***************************

Description:

Web server failed to start. Port 8080 was already in use.

Action:

Identify and stop the process that's listening on port 8080 or configure this application to listen on another port.

[INFO] ------------------------------------------------------------------------
[INFO] BUILD FAILURE
[INFO] ------------------------------------------------------------------------
[INFO] Total time:  5.216 s
[INFO] Finished at: 2026-03-08T17:12:51+07:00
[INFO] ------------------------------------------------------------------------
[ERROR] Failed to execute goal org.springframework.boot:spring-boot-maven-plugin:3.2.5:run (default-cli) on project pontrix-backend: Process terminated with exit code: 1 -> [Help 1]
[ERROR] 
[ERROR] To see the full stack trace of the errors, re-run Maven with the -e switch.
[ERROR] Re-run Maven using the -X switch to enable full debug logging.
[ERROR] 
[ERROR] For more information about the errors and possible solutions, please read the following articles:
[ERROR] [Help 1] http://cwiki.apache.org/confluence/display/MAVEN/MojoExecutionException
